The system is: Linux - 5.10.102.1-microsoft-standard-WSL2 - x86_64
Compiling the C compiler identification source file "CMakeCCompilerId.c" succeeded.
Compiler: /usr/bin/clang-10 
Build flags: -fsanitize=fuzzer-no-link,address;-fprofile-instr-generate;-fcoverage-mapping;-g;-ggdb3;-O2
Id flags:  

The output was:
0


Compilation of the C compiler identification source "CMakeCCompilerId.c" produced "a.out"

The C compiler identification is Clang, found in "/home/doom/stqam/fb/build/CMakeFiles/3.10.2/CompilerIdC/a.out"

Determining if the C compiler works passed with the following output:
Change Dir: /home/doom/stqam/fb/build/CMakeFiles/CMakeTmp

Run Build Command:"/usr/bin/ninja" "cmTC_980fd"
[1/2] Building C object CMakeFiles/cmTC_980fd.dir/testCCompiler.c.o
[2/2] Linking C executable cmTC_980fd


Detecting C compiler ABI info compiled with the following output:
Change Dir: /home/doom/stqam/fb/build/CMakeFiles/CMakeTmp

Run Build Command:"/usr/bin/ninja" "cmTC_28cf7"
[1/2] Building C object CMakeFiles/cmTC_28cf7.dir/CMakeCCompilerABI.c.o
[2/2] Linking C executable cmTC_28cf7
Ubuntu clang version 10.0.1-++20201112101950+ef32c611aa2-1~exp1~20201112092551.202
Target: x86_64-pc-linux-gnu
Thread model: posix
InstalledDir: /usr/bin
Found candidate GCC installation: /usr/bin/../lib/gcc/x86_64-linux-gnu/7
Found candidate GCC installation: /usr/bin/../lib/gcc/x86_64-linux-gnu/7.5.0
Found candidate GCC installation: /usr/bin/../lib/gcc/x86_64-linux-gnu/8
Found candidate GCC installation: /usr/lib/gcc/x86_64-linux-gnu/7
Found candidate GCC installation: /usr/lib/gcc/x86_64-linux-gnu/7.5.0
Found candidate GCC installation: /usr/lib/gcc/x86_64-linux-gnu/8
Selected GCC installation: /usr/bin/../lib/gcc/x86_64-linux-gnu/7.5.0
Candidate multilib: .;@m64
Candidate multilib: 32;@m32
Candidate multilib: x32;@mx32
Selected multilib: .;@m64
 "/usr/bin/ld" -z relro --hash-style=gnu --build-id --eh-frame-hdr -m elf_x86_64 -dynamic-linker /lib64/ld-linux-x86-64.so.2 -o cmTC_28cf7 /usr/bin/../lib/gcc/x86_64-linux-gnu/7.5.0/../../../x86_64-linux-gnu/crt1.o /usr/bin/../lib/gcc/x86_64-linux-gnu/7.5.0/../../../x86_64-linux-gnu/crti.o /usr/bin/../lib/gcc/x86_64-linux-gnu/7.5.0/crtbegin.o -L/usr/bin/../lib/gcc/x86_64-linux-gnu/7.5.0 -L/usr/bin/../lib/gcc/x86_64-linux-gnu/7.5.0/../../../x86_64-linux-gnu -L/lib/x86_64-linux-gnu -L/lib/../lib64 -L/usr/lib/x86_64-linux-gnu -L/usr/bin/../lib/gcc/x86_64-linux-gnu/7.5.0/../../.. -L/usr/lib/llvm-10/bin/../lib -L/lib -L/usr/lib --whole-archive /usr/lib/llvm-10/lib/clang/10.0.1/lib/linux/libclang_rt.asan-x86_64.a --no-whole-archive --dynamic-list=/usr/lib/llvm-10/lib/clang/10.0.1/lib/linux/libclang_rt.asan-x86_64.a.syms CMakeFiles/cmTC_28cf7.dir/CMakeCCompilerABI.c.o -u__llvm_profile_runtime /usr/lib/llvm-10/lib/clang/10.0.1/lib/linux/libclang_rt.profile-x86_64.a --no-as-needed -lpthread -lrt -lm -ldl -lgcc --as-needed -lgcc_s --no-as-needed -lc -lgcc --as-needed -lgcc_s --no-as-needed /usr/bin/../lib/gcc/x86_64-linux-gnu/7.5.0/crtend.o /usr/bin/../lib/gcc/x86_64-linux-gnu/7.5.0/../../../x86_64-linux-gnu/crtn.o


Parsed C implicit link information from above output:
  link line regex: [^( *|.*[/\])(ld|CMAKE_LINK_STARTFILE-NOTFOUND|([^/\]+-)?ld|collect2)[^/\]*( |$)]
  ignore line: [Change Dir: /home/doom/stqam/fb/build/CMakeFiles/CMakeTmp]
  ignore line: []
  ignore line: [Run Build Command:"/usr/bin/ninja" "cmTC_28cf7"]
  ignore line: [[1/2] Building C object CMakeFiles/cmTC_28cf7.dir/CMakeCCompilerABI.c.o]
  ignore line: [[2/2] Linking C executable cmTC_28cf7]
  ignore line: [Ubuntu clang version 10.0.1-++20201112101950+ef32c611aa2-1~exp1~20201112092551.202]
  ignore line: [Target: x86_64-pc-linux-gnu]
  ignore line: [Thread model: posix]
  ignore line: [InstalledDir: /usr/bin]
  ignore line: [Found candidate GCC installation: /usr/bin/../lib/gcc/x86_64-linux-gnu/7]
  ignore line: [Found candidate GCC installation: /usr/bin/../lib/gcc/x86_64-linux-gnu/7.5.0]
  ignore line: [Found candidate GCC installation: /usr/bin/../lib/gcc/x86_64-linux-gnu/8]
  ignore line: [Found candidate GCC installation: /usr/lib/gcc/x86_64-linux-gnu/7]
  ignore line: [Found candidate GCC installation: /usr/lib/gcc/x86_64-linux-gnu/7.5.0]
  ignore line: [Found candidate GCC installation: /usr/lib/gcc/x86_64-linux-gnu/8]
  ignore line: [Selected GCC installation: /usr/bin/../lib/gcc/x86_64-linux-gnu/7.5.0]
  ignore line: [Candidate multilib: .]
  ignore line: [@m64]
  ignore line: [Candidate multilib: 32]
  ignore line: [@m32]
  ignore line: [Candidate multilib: x32]
  ignore line: [@mx32]
  ignore line: [Selected multilib: .]
  ignore line: [@m64]
  link line: [ "/usr/bin/ld" -z relro --hash-style=gnu --build-id --eh-frame-hdr -m elf_x86_64 -dynamic-linker /lib64/ld-linux-x86-64.so.2 -o cmTC_28cf7 /usr/bin/../lib/gcc/x86_64-linux-gnu/7.5.0/../../../x86_64-linux-gnu/crt1.o /usr/bin/../lib/gcc/x86_64-linux-gnu/7.5.0/../../../x86_64-linux-gnu/crti.o /usr/bin/../lib/gcc/x86_64-linux-gnu/7.5.0/crtbegin.o -L/usr/bin/../lib/gcc/x86_64-linux-gnu/7.5.0 -L/usr/bin/../lib/gcc/x86_64-linux-gnu/7.5.0/../../../x86_64-linux-gnu -L/lib/x86_64-linux-gnu -L/lib/../lib64 -L/usr/lib/x86_64-linux-gnu -L/usr/bin/../lib/gcc/x86_64-linux-gnu/7.5.0/../../.. -L/usr/lib/llvm-10/bin/../lib -L/lib -L/usr/lib --whole-archive /usr/lib/llvm-10/lib/clang/10.0.1/lib/linux/libclang_rt.asan-x86_64.a --no-whole-archive --dynamic-list=/usr/lib/llvm-10/lib/clang/10.0.1/lib/linux/libclang_rt.asan-x86_64.a.syms CMakeFiles/cmTC_28cf7.dir/CMakeCCompilerABI.c.o -u__llvm_profile_runtime /usr/lib/llvm-10/lib/clang/10.0.1/lib/linux/libclang_rt.profile-x86_64.a --no-as-needed -lpthread -lrt -lm -ldl -lgcc --as-needed -lgcc_s --no-as-needed -lc -lgcc --as-needed -lgcc_s --no-as-needed /usr/bin/../lib/gcc/x86_64-linux-gnu/7.5.0/crtend.o /usr/bin/../lib/gcc/x86_64-linux-gnu/7.5.0/../../../x86_64-linux-gnu/crtn.o]
    arg [/usr/bin/ld] ==> ignore
    arg [-zrelro] ==> ignore
    arg [--hash-style=gnu] ==> ignore
    arg [--build-id] ==> ignore
    arg [--eh-frame-hdr] ==> ignore
    arg [-m] ==> ignore
    arg [elf_x86_64] ==> ignore
    arg [-dynamic-linker] ==> ignore
    arg [/lib64/ld-linux-x86-64.so.2] ==> ignore
    arg [-o] ==> ignore
    arg [cmTC_28cf7] ==> ignore
    arg [/usr/bin/../lib/gcc/x86_64-linux-gnu/7.5.0/../../../x86_64-linux-gnu/crt1.o] ==> ignore
    arg [/usr/bin/../lib/gcc/x86_64-linux-gnu/7.5.0/../../../x86_64-linux-gnu/crti.o] ==> ignore
    arg [/usr/bin/../lib/gcc/x86_64-linux-gnu/7.5.0/crtbegin.o] ==> ignore
    arg [-L/usr/bin/../lib/gcc/x86_64-linux-gnu/7.5.0] ==> dir [/usr/bin/../lib/gcc/x86_64-linux-gnu/7.5.0]
    arg [-L/usr/bin/../lib/gcc/x86_64-linux-gnu/7.5.0/../../../x86_64-linux-gnu] ==> dir [/usr/bin/../lib/gcc/x86_64-linux-gnu/7.5.0/../../../x86_64-linux-gnu]
    arg [-L/lib/x86_64-linux-gnu] ==> dir [/lib/x86_64-linux-gnu]
    arg [-L/lib/../lib64] ==> dir [/lib/../lib64]
    arg [-L/usr/lib/x86_64-linux-gnu] ==> dir [/usr/lib/x86_64-linux-gnu]
    arg [-L/usr/bin/../lib/gcc/x86_64-linux-gnu/7.5.0/../../..] ==> dir [/usr/bin/../lib/gcc/x86_64-linux-gnu/7.5.0/../../..]
    arg [-L/usr/lib/llvm-10/bin/../lib] ==> dir [/usr/lib/llvm-10/bin/../lib]
    arg [-L/lib] ==> dir [/lib]
    arg [-L/usr/lib] ==> dir [/usr/lib]
    arg [--whole-archive] ==> ignore
    arg [/usr/lib/llvm-10/lib/clang/10.0.1/lib/linux/libclang_rt.asan-x86_64.a] ==> lib [/usr/lib/llvm-10/lib/clang/10.0.1/lib/linux/libclang_rt.asan-x86_64.a]
    arg [--no-whole-archive] ==> ignore
    arg [--dynamic-list=/usr/lib/llvm-10/lib/clang/10.0.1/lib/linux/libclang_rt.asan-x86_64.a.syms] ==> ignore
    arg [CMakeFiles/cmTC_28cf7.dir/CMakeCCompilerABI.c.o] ==> ignore
    arg [-u__llvm_profile_runtime] ==> ignore
    arg [/usr/lib/llvm-10/lib/clang/10.0.1/lib/linux/libclang_rt.profile-x86_64.a] ==> lib [/usr/lib/llvm-10/lib/clang/10.0.1/lib/linux/libclang_rt.profile-x86_64.a]
    arg [--no-as-needed] ==> ignore
    arg [-lpthread] ==> lib [pthread]
    arg [-lrt] ==> lib [rt]
    arg [-lm] ==> lib [m]
    arg [-ldl] ==> lib [dl]
    arg [-lgcc] ==> lib [gcc]
    arg [--as-needed] ==> ignore
    arg [-lgcc_s] ==> lib [gcc_s]
    arg [--no-as-needed] ==> ignore
    arg [-lc] ==> lib [c]
    arg [-lgcc] ==> lib [gcc]
    arg [--as-needed] ==> ignore
    arg [-lgcc_s] ==> lib [gcc_s]
    arg [--no-as-needed] ==> ignore
    arg [/usr/bin/../lib/gcc/x86_64-linux-gnu/7.5.0/crtend.o] ==> ignore
    arg [/usr/bin/../lib/gcc/x86_64-linux-gnu/7.5.0/../../../x86_64-linux-gnu/crtn.o] ==> ignore
  remove lib [/usr/lib/llvm-10/lib/clang/10.0.1/lib/linux/libclang_rt.asan-x86_64.a]
  remove lib [/usr/lib/llvm-10/lib/clang/10.0.1/lib/linux/libclang_rt.profile-x86_64.a]
  collapse library dir [/usr/bin/../lib/gcc/x86_64-linux-gnu/7.5.0] ==> [/usr/lib/gcc/x86_64-linux-gnu/7.5.0]
  collapse library dir [/usr/bin/../lib/gcc/x86_64-linux-gnu/7.5.0/../../../x86_64-linux-gnu] ==> [/usr/lib/x86_64-linux-gnu]
  collapse library dir [/lib/x86_64-linux-gnu] ==> [/lib/x86_64-linux-gnu]
  collapse library dir [/lib/../lib64] ==> [/lib64]
  collapse library dir [/usr/lib/x86_64-linux-gnu] ==> [/usr/lib/x86_64-linux-gnu]
  collapse library dir [/usr/bin/../lib/gcc/x86_64-linux-gnu/7.5.0/../../..] ==> [/usr/lib]
  collapse library dir [/usr/lib/llvm-10/bin/../lib] ==> [/usr/lib/llvm-10/lib]
  collapse library dir [/lib] ==> [/lib]
  collapse library dir [/usr/lib] ==> [/usr/lib]
  implicit libs: [pthread;rt;m;dl;gcc;gcc_s;c;gcc;gcc_s]
  implicit dirs: [/usr/lib/gcc/x86_64-linux-gnu/7.5.0;/usr/lib/x86_64-linux-gnu;/lib/x86_64-linux-gnu;/lib64;/usr/lib;/usr/lib/llvm-10/lib;/lib]
  implicit fwks: []




Detecting C [-std=c11] compiler features compiled with the following output:
Change Dir: /home/doom/stqam/fb/build/CMakeFiles/CMakeTmp

Run Build Command:"/usr/bin/ninja" "cmTC_063f5"
[1/2] Building C object CMakeFiles/cmTC_063f5.dir/feature_tests.c.o
[2/2] Linking C executable cmTC_063f5


    Feature record: C_FEATURE:1c_function_prototypes
    Feature record: C_FEATURE:1c_restrict
    Feature record: C_FEATURE:1c_static_assert
    Feature record: C_FEATURE:1c_variadic_macros


Detecting C [-std=c99] compiler features compiled with the following output:
Change Dir: /home/doom/stqam/fb/build/CMakeFiles/CMakeTmp

Run Build Command:"/usr/bin/ninja" "cmTC_9307c"
[1/2] Building C object CMakeFiles/cmTC_9307c.dir/feature_tests.c.o
[2/2] Linking C executable cmTC_9307c


    Feature record: C_FEATURE:1c_function_prototypes
    Feature record: C_FEATURE:1c_restrict
    Feature record: C_FEATURE:0c_static_assert
    Feature record: C_FEATURE:1c_variadic_macros


Detecting C [-std=c90] compiler features compiled with the following output:
Change Dir: /home/doom/stqam/fb/build/CMakeFiles/CMakeTmp

Run Build Command:"/usr/bin/ninja" "cmTC_2c942"
[1/2] Building C object CMakeFiles/cmTC_2c942.dir/feature_tests.c.o
[2/2] Linking C executable cmTC_2c942


    Feature record: C_FEATURE:1c_function_prototypes
    Feature record: C_FEATURE:0c_restrict
    Feature record: C_FEATURE:0c_static_assert
    Feature record: C_FEATURE:0c_variadic_macros
Determining if the strcasecmp exist passed with the following output:
Change Dir: /home/doom/stqam/fb/build/CMakeFiles/CMakeTmp

Run Build Command:"/usr/bin/ninja" "cmTC_c2aab"
[1/2] Building C object CMakeFiles/cmTC_c2aab.dir/CheckSymbolExists.c.o
[2/2] Linking C executable cmTC_c2aab

File /home/doom/stqam/fb/build/CMakeFiles/CMakeTmp/CheckSymbolExists.c:
/* */
#include <strings.h>

int main(int argc, char** argv)
{
  (void)argv;
#ifndef strcasecmp
  return ((int*)(&strcasecmp))[argc];
#else
  (void)argc;
  return 0;
#endif
}

Determining if the strncasecmp exist passed with the following output:
Change Dir: /home/doom/stqam/fb/build/CMakeFiles/CMakeTmp

Run Build Command:"/usr/bin/ninja" "cmTC_94a3f"
[1/2] Building C object CMakeFiles/cmTC_94a3f.dir/CheckSymbolExists.c.o
[2/2] Linking C executable cmTC_94a3f

File /home/doom/stqam/fb/build/CMakeFiles/CMakeTmp/CheckSymbolExists.c:
/* */
#include <strings.h>

int main(int argc, char** argv)
{
  (void)argv;
#ifndef strncasecmp
  return ((int*)(&strncasecmp))[argc];
#else
  (void)argc;
  return 0;
#endif
}

Determining if the include file dirent.h exists passed with the following output:
Change Dir: /home/doom/stqam/fb/build/CMakeFiles/CMakeTmp

Run Build Command:"/usr/bin/ninja" "cmTC_085a5"
[1/2] Building C object CMakeFiles/cmTC_085a5.dir/CheckIncludeFile.c.o
[2/2] Linking C executable cmTC_085a5


